<?xml version="1.0" encoding="UTF-8"?>
<!-- Generated by org.testng.reporters.JUnitReportReporter -->
<testsuite hostname="Thien-Acer" failures="0" tests="2" name="TH_TestNG.LG_test" time="2.514" errors="0" timestamp="2021-10-16T11:44:24 ICT" skipped="0">
  <testcase classname="TH_TestNG.LG_test" name="v_rfgis" time="1.265"/>
  <system-out/>
  <testcase classname="TH_TestNG.LG_test" name="click_support" time="1.249"/>
  <system-out/>
</testsuite> <!-- TH_TestNG.LG_test -->
