<?xml version="1.0" encoding="UTF-8"?>
<!-- Generated by org.testng.reporters.JUnitReportReporter -->
<testsuite hostname="Thien-Acer" failures="0" tests="10" name="TH_TestNG.check_dangky" time="4.986" errors="0" timestamp="2021-10-19T20:01:38 ICT" skipped="2">
  <testcase classname="TH_TestNG.check_dangky" name="dangky" time="0.700"/>
  <system-out/>
  <testcase classname="TH_TestNG.check_dangky" name="thongtin" time="0.393"/>
  <system-out/>
  <testcase classname="TH_TestNG.check_dangky" name="mailling" time="0.413"/>
  <system-out/>
  <testcase classname="TH_TestNG.check_dangky" name="user_information" time="0.271"/>
  <system-out/>
  <testcase classname="TH_TestNG.check_dangky" name="submit_inf" time="1.266"/>
  <system-out/>
  <testcase classname="TH_TestNG.check_dangky" name="back_login" time="0.669"/>
  <system-out/>
  <testcase classname="TH_TestNG.check_dangky" name="dangnhap" time="1.241"/>
  <system-out/>
  <testcase classname="TH_TestNG.check_dangky" name="verify_check_login" time="0.033"/>
  <system-out/>
  <testcase classname="TH_TestNG.check_dangky" name="chua_co_tk">
    <skipped/>
  </testcase> <!-- chua_co_tk -->
  <system-out/>
  <testcase classname="TH_TestNG.check_dangky" name="dien_username">
    <skipped/>
  </testcase> <!-- dien_username -->
  <system-out/>
</testsuite> <!-- TH_TestNG.check_dangky -->
